<?xml version="1.0" encoding="UTF-8"?>
<!-- Generated by org.testng.reporters.JUnitReportReporter -->
<testsuite hostname="DESKTOP-424KU7A" failures="0" tests="2" name="TestNG.AllAnnotaions" time="0.012" errors="0" timestamp="2024-01-04T13:36:17 IST" skipped="0">
  <testcase classname="TestNG.AllAnnotaions" name="tm1" time="0.010"/>
  <system-out/>
  <testcase classname="TestNG.AllAnnotaions" name="tm2" time="0.002"/>
  <system-out/>
</testsuite> <!-- TestNG.AllAnnotaions -->
