<?xml version="1.0" encoding="UTF-8"?>
<!-- Generated by org.testng.reporters.JUnitReportReporter -->
<testsuite hostname="DESKTOP-424KU7A" failures="0" tests="3" name="TestNG.FirstTest" time="0.015" errors="0" timestamp="2024-01-04T08:52:28 IST" skipped="0">
  <testcase classname="TestNG.FirstTest" name="test1" time="0.012"/>
  <system-out/>
  <testcase classname="TestNG.FirstTest" name="test2" time="0.002"/>
  <system-out/>
  <testcase classname="TestNG.FirstTest" name="test3" time="0.001"/>
  <system-out/>
</testsuite> <!-- TestNG.FirstTest -->
