<?xml version="1.0" encoding="UTF-8"?>
<!-- Generated by org.testng.reporters.JUnitReportReporter -->
<testsuite hostname="DESKTOP-424KU7A" failures="0" tests="1" name="TestNG.ClassNo1" time="0.007" errors="0" timestamp="2024-01-04T13:11:55 IST" skipped="0">
  <testcase classname="TestNG.ClassNo1" name="abc" time="0.007"/>
  <system-out/>
</testsuite> <!-- TestNG.ClassNo1 -->
