<?xml version="1.0" encoding="UTF-8"?>
<!-- Generated by org.testng.reporters.JUnitReportReporter -->
<testsuite hostname="DESKTOP-424KU7A" failures="0" tests="2" name="TestNG.AnnotationsDemo1" time="0.030" errors="0" timestamp="2024-01-04T10:30:14 IST" skipped="0">
  <testcase classname="TestNG.AnnotationsDemo1" name="search" time="0.010"/>
  <system-out/>
  <testcase classname="TestNG.AnnotationsDemo1" name="advanceSearch" time="0.020"/>
  <system-out/>
</testsuite> <!-- TestNG.AnnotationsDemo1 -->
