<?xml version="1.0" encoding="UTF-8"?>
<!-- Generated by org.testng.reporters.JUnitReportReporter -->
<testsuite hostname="DESKTOP-424KU7A" failures="0" tests="1" name="TestNG.SecondTest" time="2.383" errors="0" timestamp="2024-01-03T20:06:48 IST" skipped="0">
  <testcase classname="TestNG.SecondTest" name="login" time="2.383"/>
  <system-out/>
</testsuite> <!-- TestNG.SecondTest -->
