<?xml version="1.0" encoding="UTF-8"?>
<!-- Generated by org.testng.reporters.JUnitReportReporter -->
<testsuite hostname="DESKTOP-424KU7A" failures="0" tests="2" name="TestNG.ClassNo2" time="0.003" errors="0" timestamp="2024-01-04T12:40:06 IST" skipped="0">
  <testcase classname="TestNG.ClassNo2" name="xyz" time="0.001"/>
  <system-out/>
  <testcase classname="TestNG.ClassNo2" name="xyz" time="0.002"/>
  <system-out/>
</testsuite> <!-- TestNG.ClassNo2 -->
