<?xml version="1.0" encoding="UTF-8"?>
<!-- Generated by org.testng.reporters.JUnitReportReporter -->
<testsuite hostname="DESKTOP-424KU7A" failures="0" tests="10" name="TestNG.InvocationCountDemo" time="0.021" errors="0" timestamp="2024-01-05T12:42:16 IST" skipped="0">
  <testcase classname="TestNG.InvocationCountDemo" name="test" time="0.002"/>
  <system-out/>
  <testcase classname="TestNG.InvocationCountDemo" name="test" time="0.001"/>
  <system-out/>
  <testcase classname="TestNG.InvocationCountDemo" name="test" time="0.004"/>
  <system-out/>
  <testcase classname="TestNG.InvocationCountDemo" name="test" time="0.000"/>
  <system-out/>
  <testcase classname="TestNG.InvocationCountDemo" name="test" time="0.001"/>
  <system-out/>
  <testcase classname="TestNG.InvocationCountDemo" name="test" time="0.009"/>
  <system-out/>
  <testcase classname="TestNG.InvocationCountDemo" name="test" time="0.001"/>
  <system-out/>
  <testcase classname="TestNG.InvocationCountDemo" name="test" time="0.000"/>
  <system-out/>
  <testcase classname="TestNG.InvocationCountDemo" name="test" time="0.001"/>
  <system-out/>
  <testcase classname="TestNG.InvocationCountDemo" name="test" time="0.002"/>
  <system-out/>
</testsuite> <!-- TestNG.InvocationCountDemo -->
