<?xml version="1.0" encoding="UTF-8"?>
<!-- Generated by org.testng.reporters.JUnitReportReporter -->
<testsuite hostname="DESKTOP-424KU7A" failures="0" tests="1" name="TestNG.HardAsserationsClass" time="0.016" errors="0" timestamp="2024-01-04T17:25:50 IST" skipped="0">
  <testcase classname="TestNG.HardAsserationsClass" name="test" time="0.016"/>
  <system-out/>
</testsuite> <!-- TestNG.HardAsserationsClass -->
