<?xml version="1.0" encoding="UTF-8"?>
<!-- Generated by org.testng.reporters.JUnitReportReporter -->
<testsuite hostname="DESKTOP-424KU7A" failures="0" tests="3" name="TestNG.Grouping" time="0.011" errors="0" timestamp="2024-01-05T08:05:23 IST" skipped="0">
  <testcase classname="TestNG.Grouping" name="signupByfacebook" time="0.009"/>
  <system-out/>
  <testcase classname="TestNG.Grouping" name="signupBytwitter" time="0.001"/>
  <system-out/>
  <testcase classname="TestNG.Grouping" name="paymentreturnByBank" time="0.001"/>
  <system-out/>
</testsuite> <!-- TestNG.Grouping -->
