<?xml version="1.0" encoding="UTF-8"?>
<!-- Generated by org.testng.reporters.JUnitReportReporter -->
<testsuite hostname="DESKTOP-424KU7A" failures="0" tests="2" name="TestNG.AnnotationasDemo2" time="0.009" errors="0" timestamp="2024-01-04T11:11:15 IST" skipped="0">
  <testcase classname="TestNG.AnnotationasDemo2" name="search" time="0.009"/>
  <system-out/>
  <testcase classname="TestNG.AnnotationasDemo2" name="advanceSearch" time="0.000"/>
  <system-out/>
</testsuite> <!-- TestNG.AnnotationasDemo2 -->
